2025-05-08 11:02:49,353: logs.logging: INFO - User Will logged in successfully
2025-05-08 11:06:47,005: logs.logging: INFO - User NewWill logged in successfully
2025-05-08 11:08:06,008: logs.logging: INFO - User NewWill created group test group
2025-05-08 11:09:30,697: logs.logging: INFO - User Will logged in successfully
2025-05-08 12:28:38,375: logs.logging: INFO - User Will logged in successfully
2025-05-08 12:36:03,504: logs.logging: INFO - User Will logged in successfully
2025-05-08 12:37:33,348: logs.logging: INFO - User Will logged in successfully
2025-05-08 12:37:37,084: logs.logging: INFO - User Will deleted note with id 681a51cc625ea080bfd7b813
2025-05-08 12:38:36,566: logs.logging: INFO - User Will logged in successfully
2025-05-08 12:40:06,531: logs.logging: INFO - User Will deleted My Group
2025-05-08 12:44:36,366: logs.logging: INFO - User Will deleted note with id 681a56b060e927b10200ed10
2025-05-08 12:48:13,344: logs.logging: INFO - User Will logged in successfully
2025-05-08 12:48:22,898: logs.logging: INFO - User NewWill logged in successfully
2025-05-08 12:52:48,512: logs.logging: INFO - User testuser created successfully
2025-05-08 12:53:08,862: logs.logging: INFO - User testuser logged in successfully
2025-05-08 12:53:23,952: logs.logging: INFO - User testuser created group cs3980
2025-05-08 12:54:25,190: logs.logging: INFO - User testuser deleted note with id 681cefac56b7305f0fcdfd34
2025-05-08 12:54:35,116: logs.logging: INFO - User Will logged in successfully
2025-05-08 12:54:47,201: logs.logging: ERRO - User Will attempted to delete note with id 681a54a7625ea080bfd7b819
2025-05-08 12:55:00,465: logs.logging: ERRO - User Will attempted to delete note with id 681cd6bf787aa9fd02ca8fd0
2025-05-08 12:55:32,129: logs.logging: INFO - User NewWill logged in successfully
2025-05-08 13:03:43,952: logs.logging: INFO - User Will logged in successfully
2025-05-08 13:05:43,534: logs.logging: INFO - User Will deleted note with id 681a54a7625ea080bfd7b819
2025-05-08 13:26:28,544: passlib.handlers.bcrypt: WARN - (trapped) error reading bcrypt version
Traceback (most recent call last):
  File "/Users/willmccall/coding/school/web-development/final-project-1/CS3980-Final-Project-1/api/.venv/lib/python3.13/site-packages/passlib/handlers/bcrypt.py", line 620, in _load_backend_mixin
    version = _bcrypt.__about__.__version__
              ^^^^^^^^^^^^^^^^^
AttributeError: module 'bcrypt' has no attribute '__about__'
2025-05-08 13:26:28,919: logs.logging: INFO - User Will logged in successfully
2025-05-08 20:01:03,659: passlib.handlers.bcrypt: WARN - (trapped) error reading bcrypt version
Traceback (most recent call last):
  File "c:\Users\Ethan\Downloads\CS3980-Final-Project-main (1)\CS3980-Final-Project-main\.venv\Lib\site-packages\passlib\handlers\bcrypt.py", line 620, in _load_backend_mixin
    version = _bcrypt.__about__.__version__
              ^^^^^^^^^^^^^^^^^
AttributeError: module 'bcrypt' has no attribute '__about__'
2025-05-08 20:01:03,844: logs.logging: INFO - User test logged in successfully
2025-05-08 20:01:11,861: logs.logging: INFO - User test deleted note with id 6816c3792a88e3118b1e47b9
2025-05-08 20:01:14,382: logs.logging: INFO - User test deleted note with id 6816c28b2a88e3118b1e47b8
2025-05-08 20:01:17,055: logs.logging: INFO - User test deleted note with id 6816bffd614f5276760a4327
2025-05-08 20:01:19,203: logs.logging: INFO - User test deleted note with id 6816beb317b13323faab8f52
2025-05-08 20:01:33,882: logs.logging: INFO - User admin logged in successfully
2025-05-08 20:05:03,275: logs.logging: INFO - User admin3 created successfully
2025-05-08 20:05:37,776: logs.logging: INFO - User admin3 logged in successfully
2025-05-08 20:12:06,098: logs.logging: INFO - User test logged in successfully
2025-05-08 20:12:09,123: logs.logging: INFO - Non-Admin test tried to go to admin page
2025-05-08 20:12:09,123: logs.logging: INFO - Non-Admin test tried to go to admin page
2025-05-08 20:12:09,124: logs.logging: INFO - Non-Admin test tried to go to admin page
2025-05-08 20:17:16,777: logs.logging: INFO - Non-Admin test tried to go to admin page
2025-05-08 20:17:16,778: logs.logging: INFO - Non-Admin test tried to go to admin page
2025-05-08 20:17:16,779: logs.logging: INFO - Non-Admin test tried to go to admin page
2025-05-08 20:21:28,495: logs.logging: INFO - User admin3 logged in successfully
2025-05-08 20:22:13,009: logs.logging: INFO - User admin3 logged in successfully
2025-05-08 20:22:28,350: logs.logging: INFO - User test logged in successfully
2025-05-08 20:22:30,712: logs.logging: INFO - Non-Admin test tried to go to admin page
2025-05-08 20:22:30,713: logs.logging: INFO - Non-Admin test tried to go to admin page
2025-05-08 20:22:30,714: logs.logging: INFO - Non-Admin test tried to go to admin page
2025-05-08 20:22:55,686: logs.logging: ERRO - User unsuccessfully attempted to login with username admin3
2025-05-08 20:23:00,675: logs.logging: INFO - User admin3 logged in successfully
2025-05-08 20:29:28,403: logs.logging: INFO - User test logged in successfully
2025-05-08 20:29:31,303: logs.logging: INFO - Non-Admin test tried to go to admin page
2025-05-08 20:29:31,303: logs.logging: INFO - Non-Admin test tried to go to admin page
2025-05-08 20:29:31,345: logs.logging: INFO - Non-Admin test tried to go to admin page
2025-05-08 20:29:48,076: logs.logging: INFO - User admin3 logged in successfully
2025-05-08 20:30:44,957: logs.logging: INFO - User test logged in successfully
2025-05-08 20:30:47,696: logs.logging: INFO - Non-Admin test tried to go to admin page
2025-05-08 20:30:47,696: logs.logging: INFO - Non-Admin test tried to go to admin page
2025-05-08 20:30:47,739: logs.logging: INFO - Non-Admin test tried to go to admin page
2025-05-08 20:31:46,916: logs.logging: INFO - User test logged in successfully
2025-05-08 20:31:59,397: logs.logging: INFO - User admin3 logged in successfully
2025-05-08 20:36:49,308: passlib.handlers.bcrypt: WARN - (trapped) error reading bcrypt version
Traceback (most recent call last):
  File "c:\Users\Ethan\Downloads\CS3980-Final-Project-main (1)\CS3980-Final-Project-main\.venv\Lib\site-packages\passlib\handlers\bcrypt.py", line 620, in _load_backend_mixin
    version = _bcrypt.__about__.__version__
              ^^^^^^^^^^^^^^^^^
AttributeError: module 'bcrypt' has no attribute '__about__'
2025-05-08 20:36:49,498: logs.logging: INFO - User test logged in successfully
2025-05-08 20:37:00,503: logs.logging: INFO - User test created note 'ghj' in group '6816ac30d9174c2ff81dcc14'
2025-05-08 20:42:17,175: logs.logging: INFO - User test logged in successfully
2025-05-08 20:45:46,077: logs.logging: INFO - User test logged in successfully
2025-05-08 20:45:58,442: logs.logging: INFO - User test created note 't' in group '6816ac30d9174c2ff81dcc14'
2025-05-08 22:33:55,523: logs.logging: INFO - User test logged in successfully
2025-05-08 22:44:14,142: logs.logging: INFO - User testuser created successfully
2025-05-08 23:09:29,229: logs.logging: INFO - User Will logged in successfully
2025-05-08 23:10:14,207: logs.logging: INFO - User Will created note 'note' in group '681a5509625ea080bfd7b81a'
2025-05-08 23:14:54,198: logs.logging: INFO - User Will logged in successfully
2025-05-08 23:15:01,470: logs.logging: INFO - User Will created group group2
2025-05-08 23:15:37,035: logs.logging: INFO - User Will created note 'another note' in group '681d814517178a039d13f508'
2025-05-08 23:17:40,568: logs.logging: INFO - User NewWill logged in successfully
